#
# There is insufficient memory for the Java Runtime Environment to continue.
# Native memory allocation (mmap) failed to map 125829120 bytes for Failed to commit area from 0x0000000089800000 to 0x0000000091000000 of length 125829120.
# Possible reasons:
#   The system is out of physical RAM or swap space
#   The process is running with CompressedOops enabled, and the Java Heap may be blocking the growth of the native heap
# Possible solutions:
#   Reduce memory load on the system
#   Increase physical memory or swap space
#   Check if swap backing store is full
#   Decrease Java heap size (-Xmx/-Xms)
#   Decrease number of Java threads
#   Decrease Java thread stack sizes (-Xss)
#   Set larger code cache with -XX:ReservedCodeCacheSize=
# This output file may be truncated or incomplete.
#
#  Out of Memory Error (./src/hotspot/os/windows/os_windows.cpp:3521), pid=13348, tid=12564
#
# JRE version:  (11.0.12+7) (build )
# Java VM: OpenJDK 64-Bit Server VM (11.0.12+7-b1504.28-7817840, mixed mode, sharing, tiered, compressed oops, g1 gc, windows-amd64)
# No core dump will be written. Minidumps are not enabled by default on client versions of Windows
#

---------------  S U M M A R Y ------------

Command Line: git4idea.http.GitAskPassApp Username for 'https://github.com': 

Host: AMD Ryzen 5 5500U with Radeon Graphics         , 12 cores, 7G,  Windows 10 , 64 bit Build 22000 (10.0.22000.708)
Time: Tue May 31 17:19:19 2022 West Asia Standard Time elapsed time: 0.013938 seconds (0d 0h 0m 0s)

---------------  T H R E A D  ---------------

Current thread (0x00000231821ad800):  JavaThread "Unknown thread" [_thread_in_vm, id=12564, stack(0x000000e6e6e00000,0x000000e6e6f00000)]

Stack: [0x000000e6e6e00000,0x000000e6e6f00000]
Native frames: (J=compiled Java code, j=interpreted, Vv=VM code, C=native code)
V  [jvm.dll+0x5fbcea]
V  [jvm.dll+0x731905]
V  [jvm.dll+0x732f1d]
V  [jvm.dll+0x7335d3]
V  [jvm.dll+0x247bf8]
V  [jvm.dll+0x5f90b4]
V  [jvm.dll+0x5edc85]
V  [jvm.dll+0x305aeb]
V  [jvm.dll+0x305a5a]
V  [jvm.dll+0x305932]
V  [jvm.dll+0x30a896]
V  [jvm.dll+0x353803]
V  [jvm.dll+0x353f06]
V  [jvm.dll+0x353903]
V  [jvm.dll+0x2e0678]
V  [jvm.dll+0x2e1827]
V  [jvm.dll+0x710037]
V  [jvm.dll+0x71182c]
V  [jvm.dll+0x360da9]
V  [jvm.dll+0x6f390e]
V  [jvm.dll+0x3c9723]
V  [jvm.dll+0x3cb9b1]
C  [jli.dll+0x536b]
C  [ucrtbase.dll+0x26c0c]
C  [KERNEL32.DLL+0x154e0]
C  [ntdll.dll+0x485b]


---------------  P R O C E S S  ---------------

Threads class SMR info:
_java_thread_list=0x0000023181ef1b00, length=0, elements={
}

Java Threads: ( => current thread )

Other Threads:
  0x00000231821c3800 GCTaskThread "GC Thread#0" [stack: 0x000000e6e6f00000,0x000000e6e7000000] [id=8988]
  0x00000231821f4800 ConcurrentGCThread "G1 Main Marker" [stack: 0x000000e6e7000000,0x000000e6e7100000] [id=11776]
  0x00000231821f8000 ConcurrentGCThread "G1 Conc#0" [stack: 0x000000e6e7100000,0x000000e6e7200000] [id=3728]

[error occurred during error reporting (printing all threads), id 0xc0000005, EXCEPTION_ACCESS_VIOLATION (0xc0000005) at pc=0x00007ffd97270be7]

VM state:not at safepoint (not fully initialized)

VM Mutex/Monitor currently owned by a thread:  ([mutex/lock_event])
[0x0000023181fcb0d0] Heap_lock - owner thread: 0x00000231821ad800

Heap address: 0x0000000089800000, size: 1896 MB, Compressed Oops mode: Non-zero based: 0x0000000089800000
Narrow klass base: 0x0000000000000000, Narrow klass shift: 0

GC Heap History (0 events):
No events

Deoptimization events (0 events):
No events

Classes redefined (0 events):
No events

Internal exceptions (0 events):
No events

Events (1 events):
Event: 0.008 Loaded shared library C:\Program Files\Android\Android Studio\jre\bin\zip.dll


Dynamic libraries:
0x00007ff739c80000 - 0x00007ff739c8a000 	C:\Program Files\Android\Android Studio\jre\bin\java.exe
0x00007ffdce180000 - 0x00007ffdce389000 	C:\WINDOWS\SYSTEM32\ntdll.dll
0x00007ffdcd780000 - 0x00007ffdcd83d000 	C:\WINDOWS\System32\KERNEL32.DLL
0x00007ffdcb9e0000 - 0x00007ffdcbd59000 	C:\WINDOWS\System32\KERNELBASE.dll
0x00007ffdcb720000 - 0x00007ffdcb831000 	C:\WINDOWS\System32\ucrtbase.dll
0x00007ffdb2e60000 - 0x00007ffdb2e77000 	C:\Program Files\Android\Android Studio\jre\bin\VCRUNTIME140.dll
0x00007ffdb5980000 - 0x00007ffdb5999000 	C:\Program Files\Android\Android Studio\jre\bin\jli.dll
0x00007ffdcd5a0000 - 0x00007ffdcd74c000 	C:\WINDOWS\System32\USER32.dll
0x00007ffdcb9b0000 - 0x00007ffdcb9d6000 	C:\WINDOWS\System32\win32u.dll
0x00007ffdb4350000 - 0x00007ffdb45f5000 	C:\WINDOWS\WinSxS\amd64_microsoft.windows.common-controls_6595b64144ccf1df_6.0.22000.120_none_9d947278b86cc467\COMCTL32.dll
0x00007ffdcc080000 - 0x00007ffdcc0a9000 	C:\WINDOWS\System32\GDI32.dll
0x00007ffdce090000 - 0x00007ffdce133000 	C:\WINDOWS\System32\msvcrt.dll
0x00007ffdcbe70000 - 0x00007ffdcbf82000 	C:\WINDOWS\System32\gdi32full.dll
0x00007ffdcbd60000 - 0x00007ffdcbdfd000 	C:\WINDOWS\System32\msvcp_win.dll
0x00007ffdce050000 - 0x00007ffdce081000 	C:\WINDOWS\System32\IMM32.DLL
0x00007ffd72bd0000 - 0x00007ffd72c6d000 	C:\Program Files\Android\Android Studio\jre\bin\msvcp140.dll
0x00007ffd96f80000 - 0x00007ffd97a65000 	C:\Program Files\Android\Android Studio\jre\bin\server\jvm.dll
0x00007ffdcdc60000 - 0x00007ffdcdd0e000 	C:\WINDOWS\System32\ADVAPI32.dll
0x00007ffdcdd10000 - 0x00007ffdcddae000 	C:\WINDOWS\System32\sechost.dll
0x00007ffdcd840000 - 0x00007ffdcd960000 	C:\WINDOWS\System32\RPCRT4.dll
0x00007ffdcd750000 - 0x00007ffdcd758000 	C:\WINDOWS\System32\PSAPI.DLL
0x00007ffdb2490000 - 0x00007ffdb2499000 	C:\WINDOWS\SYSTEM32\WSOCK32.dll
0x00007ffdc4450000 - 0x00007ffdc445a000 	C:\WINDOWS\SYSTEM32\VERSION.dll
0x00007ffdcc010000 - 0x00007ffdcc07f000 	C:\WINDOWS\System32\WS2_32.dll
0x00007ffdc3df0000 - 0x00007ffdc3e23000 	C:\WINDOWS\SYSTEM32\WINMM.dll
0x00007ffdca7d0000 - 0x00007ffdca7e8000 	C:\WINDOWS\SYSTEM32\kernel.appcore.dll
0x00007ffdc7150000 - 0x00007ffdc7161000 	C:\Program Files\Android\Android Studio\jre\bin\verify.dll
0x00007ffdc9290000 - 0x00007ffdc94b1000 	C:\WINDOWS\SYSTEM32\DBGHELP.DLL
0x00007ffdbf550000 - 0x00007ffdbf581000 	C:\WINDOWS\SYSTEM32\dbgcore.DLL
0x00007ffdcbf90000 - 0x00007ffdcc00f000 	C:\WINDOWS\System32\bcryptPrimitives.dll
0x00007ffdbeeb0000 - 0x00007ffdbeed9000 	C:\Program Files\Android\Android Studio\jre\bin\java.dll
0x00007ffdc7c30000 - 0x00007ffdc7c3b000 	C:\Program Files\Android\Android Studio\jre\bin\jimage.dll
0x00007ffdbee40000 - 0x00007ffdbee58000 	C:\Program Files\Android\Android Studio\jre\bin\zip.dll

dbghelp: loaded successfully - version: 4.0.5 - missing functions: none
symbol engine: initialized successfully - sym options: 0x614 - pdb path: .;C:\Program Files\Android\Android Studio\jre\bin;C:\WINDOWS\SYSTEM32;C:\WINDOWS\WinSxS\amd64_microsoft.windows.common-controls_6595b64144ccf1df_6.0.22000.120_none_9d947278b86cc467;C:\Program Files\Android\Android Studio\jre\bin\server

VM Arguments:
java_command: git4idea.http.GitAskPassApp Username for 'https://github.com': 
java_class_path (initial): C:/Program Files/Android/Android Studio/plugins/git4idea/lib/git4idea-rt.jar;C:/Program Files/Android/Android Studio/lib/xmlrpc-2.0.1.jar;C:/Program Files/Android/Android Studio/lib/commons-codec-1.15.jar
Launcher Type: SUN_STANDARD

[Global flags]
     intx CICompilerCount                          = 4                                         {product} {ergonomic}
     uint ConcGCThreads                            = 3                                         {product} {ergonomic}
     uint G1ConcRefinementThreads                  = 10                                        {product} {ergonomic}
   size_t G1HeapRegionSize                         = 1048576                                   {product} {ergonomic}
    uintx GCDrainStackTargetSize                   = 64                                        {product} {ergonomic}
   size_t InitialHeapSize                          = 125829120                                 {product} {ergonomic}
   size_t MarkStackSize                            = 4194304                                   {product} {ergonomic}
   size_t MaxHeapSize                              = 1988100096                                {product} {ergonomic}
   size_t MinHeapDeltaBytes                        = 1048576                                   {product} {ergonomic}
    uintx NonNMethodCodeHeapSize                   = 5836300                                {pd product} {ergonomic}
    uintx NonProfiledCodeHeapSize                  = 122910970                              {pd product} {ergonomic}
    uintx ProfiledCodeHeapSize                     = 122910970                              {pd product} {ergonomic}
    uintx ReservedCodeCacheSize                    = 251658240                              {pd product} {ergonomic}
     bool SegmentedCodeCache                       = true                                      {product} {ergonomic}
     bool UseCompressedClassPointers               = true                                 {lp64_product} {ergonomic}
     bool UseCompressedOops                        = true                                 {lp64_product} {ergonomic}
     bool UseG1GC                                  = true                                      {product} {ergonomic}
     bool UseLargePagesIndividualAllocation        = false                                  {pd product} {ergonomic}

Logging:
Log output configuration:
 #0: stdout all=warning uptime,level,tags
 #1: stderr all=off uptime,level,tags

Environment Variables:
PATH=D:\Git\Git\mingw64\libexec\git-core;D:\Git\Git\mingw64\libexec\git-core;D:\Git\Git\mingw64\bin;D:\Git\Git\usr\bin;C:\Users\asus\bin;C:\VulkanSDK\1.3.211.0\Bin;C:\Windows\system32;C:\Windows;C:\Windows\System32\Wbem;C:\Windows\System32\WindowsPowerShell\v1.0;C:\Windows\System32\OpenSSH;C:\Program Files (x86)\NVIDIA Corporation\PhysX\Common;C:\Program Files\NVIDIA Corporation\NVIDIA NvDLISR;D:\Git.exe\Git\cmd;D:\Git\Git\cmd;D:\Git\Git\mingw64\bin;D:\Git\Git\usr\bin;C:\WINDOWS\system32;C:\WINDOWS;C:\WINDOWS\System32\Wbem;C:\WINDOWS\System32\WindowsPowerShell\v1.0;C:\WINDOWS\System32\OpenSSH;C:\Users\asus\AppData\Local\Microsoft\WindowsApps
USERNAME=asus
DISPLAY=:0.0
LC_ALL=en_US.UTF-8
OS=Windows_NT
PROCESSOR_IDENTIFIER=AMD64 Family 23 Model 104 Stepping 1, AuthenticAMD



---------------  S Y S T E M  ---------------

OS: Windows 10 , 64 bit Build 22000 (10.0.22000.708)
OS uptime: 0 days 6:46 hours

CPU:total 12 (initial active 12) (12 cores per cpu, 2 threads per core) family 23 model 104 stepping 1 microcode 0x0, cmov, cx8, fxsr, mmx, sse, sse2, sse3, ssse3, sse4.1, sse4.2, popcnt, avx, avx2, aes, clmul, mmxext, 3dnowpref, lzcnt, sse4a, ht, tsc, tscinvbit, tscinv, bmi1, bmi2, adx, sha, fma

Memory: 4k page, system-wide physical 7577M (317M free)
TotalPageFile size 20076M (AvailPageFile size 107M)
current process WorkingSet (physical memory assigned to process): 10M, peak: 10M
current process commit charge ("private bytes"): 64M, peak: 183M

vm_info: OpenJDK 64-Bit Server VM (11.0.12+7-b1504.28-7817840) for windows-amd64 JRE (11.0.12+7-b1504.28-7817840), built on Oct 13 2021 22:12:33 by "builder" with MS VC++ 14.0 (VS2015)

END.
